2020-01-01 10:02:35::{
            "MerchantRequestID":"23207-3870489-1",
            "CheckoutRequestID":"ws_CO_020120200002455181",
            "ResponseCode": "0",
            "ResponseDescription":"Success. Request accepted for processing",
            "CustomerMessage":"Success. Request accepted for processing"
        }
        
2020-01-01 10:03:30::{
            "MerchantRequestID":"1744-3939111-1",
            "CheckoutRequestID":"ws_CO_020120200003321830",
            "ResponseCode": "0",
            "ResponseDescription":"Success. Request accepted for processing",
            "CustomerMessage":"Success. Request accepted for processing"
        }
        
2020-01-01 10:49:00::{
            "MerchantRequestID":"6784-3930761-1",
            "CheckoutRequestID":"ws_CO_020120200049007117",
            "ResponseCode": "0",
            "ResponseDescription":"Success. Request accepted for processing",
            "CustomerMessage":"Success. Request accepted for processing"
        }
        
2020-01-01 10:50:12::{
            "MerchantRequestID":"16738-62062412-1",
            "CheckoutRequestID":"ws_CO_020120200050137259",
            "ResponseCode": "0",
            "ResponseDescription":"Success. Request accepted for processing",
            "CustomerMessage":"Success. Request accepted for processing"
        }
        
